This is pdfTeX, Version 3.141592653-2.6-1.40.22 (TeX Live 2021) (preloaded format=pdflatex 2022.1.19)  19 DEC 2022 12:39
entering extended mode
 restricted \write18 enabled.
 file:line:error style messages enabled.
 %&-line parsing enabled.
**/home/guest/Документы/aysuvorov.github.io/docs/pages/networks/paren_syn_corr_guide/contributed-books/author/authorsample.tex
(/home/guest/Документы/aysuvorov.github.io/docs/pages/networks/paren_syn_corr_guide/contributed-books/author/authorsample.tex
LaTeX2e <2020-10-01> patch level 4
L3 programming layer <2021-05-07> (./svmult.cls
Document Class: svmult 2021/09/08 v5.9 
Springer Verlag global LaTeX document class for multi authored books
Class Springer-SVMult Info: extra/valid Springer sub-package 
(Springer-SVMult)           not found in option list - using "global" style.
(/usr/share/texlive/texmf-dist/tex/latex/base/article.cls
Document Class: article 2020/04/10 v1.4m Standard LaTeX document class
(/usr/share/texlive/texmf-dist/tex/latex/base/size10.clo
File: size10.clo 2020/04/10 v1.4m Standard LaTeX file (size option)
)
\c@part=\count179
\c@section=\count180
\c@subsection=\count181
\c@subsubsection=\count182
\c@paragraph=\count183
\c@subparagraph=\count184
\c@figure=\count185
\c@table=\count186
\abovecaptionskip=\skip47
\belowcaptionskip=\skip48
\bibindent=\dimen138
)
\svparindent=\dimen139
\bibindent=\dimen140
\betweenumberspace=\dimen141
\headlineindent=\dimen142
\minitoc=\write3
\c@minitocdepth=\count187
\c@chapter=\count188
\mottowidth=\dimen143
\svitemindent=\dimen144
\verbatimindent=\dimen145
LaTeX Font Info:    Redeclaring math symbol \Gamma on input line 971.
LaTeX Font Info:    Redeclaring math symbol \Delta on input line 972.
LaTeX Font Info:    Redeclaring math symbol \Theta on input line 973.
LaTeX Font Info:    Redeclaring math symbol \Lambda on input line 974.
LaTeX Font Info:    Redeclaring math symbol \Xi on input line 975.
LaTeX Font Info:    Redeclaring math symbol \Pi on input line 976.
LaTeX Font Info:    Redeclaring math symbol \Sigma on input line 977.
LaTeX Font Info:    Redeclaring math symbol \Upsilon on input line 978.
LaTeX Font Info:    Redeclaring math symbol \Phi on input line 979.
LaTeX Font Info:    Redeclaring math symbol \Psi on input line 980.
LaTeX Font Info:    Redeclaring math symbol \Omega on input line 981.
\tocchpnum=\dimen146
\tocsecnum=\dimen147
\tocsectotal=\dimen148
\tocsubsecnum=\dimen149
\tocsubsectotal=\dimen150
\tocsubsubsecnum=\dimen151
\tocsubsubsectotal=\dimen152
\tocparanum=\dimen153
\tocparatotal=\dimen154
\tocsubparanum=\dimen155
\foot@parindent=\dimen156
\spthmsep=\dimen157
\c@theorem=\count189
\c@case=\count190
\c@conjecture=\count191
\c@corollary=\count192
\c@definition=\count193
\c@example=\count194
\c@exercise=\count195
\c@lemma=\count196
\c@note=\count197
\c@problem=\count198
\c@property=\count199
\c@proposition=\count266
\c@question=\count267
\c@solution=\count268
\c@remark=\count269
\c@prob=\count270
\instindent=\dimen158
\figgap=\dimen159
\bildb@x=\box47
\figcapgap=\dimen160
\tabcapgap=\dimen161
\c@merk=\count271
\c@@inst=\count272
\c@@auth=\count273
\c@auco=\count274
\instindent=\dimen162
\authrun=\box48
\authorrunning=\toks15
\tocauthor=\toks16
\titrun=\box49
\titlerunning=\toks17
\toctitle=\toks18
\c@contribution=\count275
LaTeX Info: Redefining \abstract on input line 2329.
 (/usr/share/texlive/texmf-dist/tex/latex/xcolor/xcolor.sty
Package: xcolor 2016/05/11 v2.12 LaTeX color extensions (UK)
 (/usr/share/texlive/texmf-dist/tex/latex/graphics-cfg/color.cfg
File: color.cfg 2016/01/02 v1.6 sample color configuration
)
Package xcolor Info: Driver file: pdftex.def on input line 225.
 (/usr/share/texlive/texmf-dist/tex/latex/graphics-def/pdftex.def
File: pdftex.def 2020/10/05 v1.2a Graphics/color driver for pdftex
)
Package xcolor Info: Model `cmy' substituted by `cmy0' on input line 1348.
Package xcolor Info: Model `hsb' substituted by `rgb' on input line 1352.
Package xcolor Info: Model `RGB' extended on input line 1364.
Package xcolor Info: Model `HTML' substituted by `rgb' on input line 1366.
Package xcolor Info: Model `Hsb' substituted by `hsb' on input line 1367.
Package xcolor Info: Model `tHsb' substituted by `hsb' on input line 1368.
Package xcolor Info: Model `HSB' substituted by `hsb' on input line 1369.
Package xcolor Info: Model `Gray' substituted by `gray' on input line 1370.
Package xcolor Info: Model `wave' substituted by `hsb' on input line 1371.
 (/usr/share/texlive/texmf-dist/tex/latex/xcolor/x11nam.def
File: x11nam.def 2016/05/11 v2.12 Predefined colors according to Unix/X11 (UK)
)) (/usr/share/texlive/texmf-dist/tex/latex/ntheorem/ntheorem.sty
Style `ntheorem', Version 1.33 <2011/08/15>
Package: ntheorem 2011/08/15 1.33
(/usr/share/texlive/texmf-dist/tex/latex/base/ifthen.sty
Package: ifthen 2014/09/29 v1.1c Standard LaTeX ifthen package (DPC)
)
\theorem@style=\toks19
\theorem@@style=\toks20
\theorembodyfont=\toks21
\theoremnumbering=\toks22
\theorempreskipamount=\skip49
\theorempostskipamount=\skip50
\theoremframepreskipamount=\skip51
\theoremframepostskipamount=\skip52
\theoreminframepreskipamount=\skip53
\theoreminframepostskipamount=\skip54
\theorem@preskip=\toks23
\theorem@postskip=\toks24
\theorem@framepreskip=\toks25
\theorem@framepostskip=\toks26
\theorem@inframepreskip=\toks27
\theorem@inframepostskip=\toks28
\theoremindent=\dimen163
\theorem@indent=\dimen164
\theoremrightindent=\dimen165
\theorem@rightindent=\dimen166
\theoremheaderfont=\toks29
\theoremseparator=\toks30
\theoremprework=\toks31
\theorempostwork=\toks32
\theoremsymbol=\toks33
\qedsymbol=\toks34
\theoremkeyword=\toks35
\qedsymbol=\toks36
\thm@topsep=\skip55
\thm@topsepadd=\skip56
Package ntheorem Info: Option `thmmarks' loaded on input line 1175.
\c@endNonectr=\count276
\c@currNonectr=\count277
\mysavskip=\skip57
Package ntheorem Info: Option `thref' loaded on input line 1175.
\mysavskip=\skip58
)
\c@currproofctr=\count278
\c@endproofctr=\count279
\c@proof=\count280
) (/usr/share/texlive/texmf-dist/tex/latex/framed/framed.sty
Package: framed 2011/10/22 v 0.96: framed or shaded text with page breaks
\OuterFrameSep=\skip59
\fb@frw=\dimen167
\fb@frh=\dimen168
\FrameRule=\dimen169
\FrameSep=\dimen170
) (/usr/share/texlive/texmf-dist/tex/latex/type1cm/type1cm.sty
Package: type1cm 2002/09/05 v0.04 BlueSky/Y&Y Type1 CM font definitions (DPC, patched RF)
) (/usr/share/texlive/texmf-dist/tex/latex/base/makeidx.sty
Package: makeidx 2014/09/29 v1.0m Standard LaTeX package
) (/usr/share/texlive/texmf-dist/tex/latex/graphics/graphicx.sty
Package: graphicx 2020/09/09 v1.2b Enhanced LaTeX Graphics (DPC,SPQR)
 (/usr/share/texlive/texmf-dist/tex/latex/graphics/keyval.sty
Package: keyval 2014/10/28 v1.15 key=value parser (DPC)
\KV@toks@=\toks37
) (/usr/share/texlive/texmf-dist/tex/latex/graphics/graphics.sty
Package: graphics 2020/08/30 v1.4c Standard LaTeX Graphics (DPC,SPQR)
 (/usr/share/texlive/texmf-dist/tex/latex/graphics/trig.sty
Package: trig 2016/01/03 v1.10 sin cos tan (DPC)
) (/usr/share/texlive/texmf-dist/tex/latex/graphics-cfg/graphics.cfg
File: graphics.cfg 2016/06/04 v1.11 sample graphics configuration
)
Package graphics Info: Driver file: pdftex.def on input line 105.
)
\Gin@req@height=\dimen171
\Gin@req@width=\dimen172
) (/usr/share/texlive/texmf-dist/tex/latex/tools/multicol.sty
Package: multicol 2019/12/09 v1.8y multicolumn formatting (FMi)
\c@tracingmulticols=\count281
\mult@box=\box50
\multicol@leftmargin=\dimen173
\c@unbalance=\count282
\c@collectmore=\count283
\doublecol@number=\count284
\multicoltolerance=\count285
\multicolpretolerance=\count286
\full@width=\dimen174
\page@free=\dimen175
\premulticols=\dimen176
\postmulticols=\dimen177
\multicolsep=\skip60
\multicolbaselineskip=\skip61
\partial@page=\box51
\last@line=\box52
\maxbalancingoverflow=\dimen178
\mult@rightbox=\box53
\mult@grightbox=\box54
\mult@gfirstbox=\box55
\mult@firstbox=\box56
\@tempa=\box57
\@tempa=\box58
\@tempa=\box59
\@tempa=\box60
\@tempa=\box61
\@tempa=\box62
\@tempa=\box63
\@tempa=\box64
\@tempa=\box65
\@tempa=\box66
\@tempa=\box67
\@tempa=\box68
\@tempa=\box69
\@tempa=\box70
\@tempa=\box71
\@tempa=\box72
\@tempa=\box73
\@tempa=\box74
\@tempa=\box75
\@tempa=\box76
\@tempa=\box77
\@tempa=\box78
\@tempa=\box79
\@tempa=\box80
\@tempa=\box81
\@tempa=\box82
\@tempa=\box83
\@tempa=\box84
\@tempa=\box85
\@tempa=\box86
\@tempa=\box87
\@tempa=\box88
\@tempa=\box89
\@tempa=\box90
\@tempa=\box91
\@tempa=\box92
\@tempa=\box93
\c@minrows=\count287
\c@columnbadness=\count288
\c@finalcolumnbadness=\count289
\last@try=\dimen179
\multicolovershoot=\dimen180
\multicolundershoot=\dimen181
\mult@nat@firstbox=\box94
\colbreak@box=\box95
\mc@col@check@num=\count290
) (/usr/share/texlive/texmf-dist/tex/latex/footmisc/footmisc.sty
Package: footmisc 2011/06/06 v5.5b a miscellany of footnote facilities
\FN@temptoken=\toks38
\footnotemargin=\dimen182
\c@pp@next@reset=\count291
Package footmisc Info: Declaring symbol style bringhurst on input line 855.
Package footmisc Info: Declaring symbol style chicago on input line 863.
Package footmisc Info: Declaring symbol style wiley on input line 872.
Package footmisc Info: Declaring symbol style lamport-robust on input line 883.
Package footmisc Info: Declaring symbol style lamport* on input line 903.
Package footmisc Info: Declaring symbol style lamport*-robust on input line 924.
) (/usr/share/texlive/texmf-dist/tex/latex/newtx/newtxtext.sty
Package: newtxtext 2020/09/19 v1.630
 `newtxtext' v1.630, 2020/09/19 Text macros taking advantage of TeX-Gyre Termes fonts (msharpe) (/usr/share/texlive/texmf-dist/tex/latex/fontaxes/fontaxes.sty
Package: fontaxes 2020/07/21 v1.0e Font selection axes
LaTeX Info: Redefining \upshape on input line 29.
LaTeX Info: Redefining \itshape on input line 31.
LaTeX Info: Redefining \slshape on input line 33.
LaTeX Info: Redefining \swshape on input line 35.
LaTeX Info: Redefining \scshape on input line 37.
LaTeX Info: Redefining \sscshape on input line 39.
LaTeX Info: Redefining \ulcshape on input line 41.
LaTeX Info: Redefining \textsw on input line 47.
LaTeX Info: Redefining \textssc on input line 48.
LaTeX Info: Redefining \textulc on input line 49.
)
\ntx@fs=\dimen183
 (/usr/share/texlive/texmf-dist/tex/latex/xkeyval/xkeyval.sty
Package: xkeyval 2020/11/20 v2.8 package option processing (HA)
 (/usr/share/texlive/texmf-dist/tex/generic/xkeyval/xkeyval.tex (/usr/share/texlive/texmf-dist/tex/generic/xkeyval/xkvutils.tex
\XKV@toks=\toks39
\XKV@tempa@toks=\toks40
)
\XKV@depth=\count292
File: xkeyval.tex 2014/12/03 v2.7a key=value parser (HA)
)) (/usr/share/texlive/texmf-dist/tex/latex/etoolbox/etoolbox.sty
Package: etoolbox 2020/10/05 v2.5k e-TeX tools for LaTeX (JAW)
\etb@tempcnta=\count293
) (/usr/share/texlive/texmf-dist/tex/generic/xstring/xstring.sty (/usr/share/texlive/texmf-dist/tex/generic/xstring/xstring.tex
\integerpart=\count294
\decimalpart=\count295
)
Package: xstring 2019/02/06 v1.83 String manipulations (CT)
) (/usr/share/texlive/texmf-dist/tex/latex/carlisle/scalefnt.sty) (/usr/share/texlive/texmf-dist/tex/latex/base/fontenc.sty
Package: fontenc 2020/08/10 v2.0s Standard LaTeX package
LaTeX Font Info:    Trying to load font information for T1+ntxtlf on input line 112.
 (/usr/share/texlive/texmf-dist/tex/latex/newtx/t1ntxtlf.fd
File: t1ntxtlf.fd 2015/01/17 v1.0 font definition file for T1/ntx/tlf
)
LaTeX Font Info:    Font shape `T1/ntxtlf/m/n' will be
(Font)              scaled to size 10.0pt on input line 112.
) (/usr/share/texlive/texmf-dist/tex/latex/base/textcomp.sty
Package: textcomp 2020/02/02 v2.0n Standard LaTeX package
LaTeX Font Info:    Changing ? sub-encoding to TS1/0 on input line 75.
)
\ntxt@cntz=\count296
LaTeX Font Info:    Redeclaring math symbol \mathsterling on input line 316.
) (/usr/share/texlive/texmf-dist/tex/latex/newtx/newtxmath.sty
Package: newtxmath 2021/03/27 v1.642
 `newtxmath' v1.642, 2021/03/27 Math macros based originally on txfonts (msharpe) (/usr/share/texlive/texmf-dist/tex/latex/amsmath/amsmath.sty
Package: amsmath 2020/09/23 v2.17i AMS math features
\@mathmargin=\skip62

For additional information on amsmath, use the `?' option.
(/usr/share/texlive/texmf-dist/tex/latex/amsmath/amstext.sty
Package: amstext 2000/06/29 v2.01 AMS text
 (/usr/share/texlive/texmf-dist/tex/latex/amsmath/amsgen.sty
File: amsgen.sty 1999/11/30 v2.0 generic functions
\@emptytoks=\toks41
\ex@=\dimen184
)) (/usr/share/texlive/texmf-dist/tex/latex/amsmath/amsbsy.sty
Package: amsbsy 1999/11/29 v1.2d Bold Symbols
\pmbraise@=\dimen185
) (/usr/share/texlive/texmf-dist/tex/latex/amsmath/amsopn.sty
Package: amsopn 2016/03/08 v2.02 operator names
)
\inf@bad=\count297
LaTeX Info: Redefining \frac on input line 234.
\uproot@=\count298
\leftroot@=\count299
LaTeX Info: Redefining \overline on input line 399.
\classnum@=\count300
\DOTSCASE@=\count301
LaTeX Info: Redefining \ldots on input line 496.
LaTeX Info: Redefining \dots on input line 499.
LaTeX Info: Redefining \cdots on input line 620.
\Mathstrutbox@=\box96
\strutbox@=\box97
\big@size=\dimen186
LaTeX Font Info:    Redeclaring font encoding OML on input line 743.
LaTeX Font Info:    Redeclaring font encoding OMS on input line 744.
\macc@depth=\count302
\c@MaxMatrixCols=\count303
\dotsspace@=\muskip16
\c@parentequation=\count304
\dspbrk@lvl=\count305
\tag@help=\toks42
\row@=\count306
\column@=\count307
\maxfields@=\count308
\andhelp@=\toks43
\eqnshift@=\dimen187
\alignsep@=\dimen188
\tagshift@=\dimen189
\tagwidth@=\dimen190
\totwidth@=\dimen191
\lineht@=\dimen192
\@envbody=\toks44
\multlinegap=\skip63
\multlinetaggap=\skip64
\mathdisplay@stack=\toks45
LaTeX Info: Redefining \[ on input line 2923.
LaTeX Info: Redefining \] on input line 2924.
) (/usr/share/texlive/texmf-dist/tex/generic/iftex/ifxetex.sty
Package: ifxetex 2019/10/25 v0.7 ifxetex legacy package. Use iftex instead.
 (/usr/share/texlive/texmf-dist/tex/generic/iftex/iftex.sty
Package: iftex 2020/03/06 v1.0d TeX engine tests
)) (/usr/share/texlive/texmf-dist/tex/generic/iftex/ifluatex.sty
Package: ifluatex 2019/10/25 v1.5 ifluatex legacy package. Use iftex instead.
) (/usr/share/texlive/texmf-dist/tex/latex/oberdiek/centernot.sty
Package: centernot 2016/05/16 v1.4 Centers the not symbol horizontally (HO)
)
\tx@cntz=\count309
 (/usr/share/texlive/texmf-dist/tex/generic/kastrup/binhex.tex)
\tx@Isdigit=\count310
\tx@IsAlNum=\count311
\tx@tA=\toks46
\tx@tB=\toks47
\tx@su=\read2
LaTeX Font Info:    Redeclaring symbol font `operators' on input line 360.
LaTeX Font Info:    Overwriting symbol font `operators' in version `normal'
(Font)                  OT1/cmr/m/n --> OT1/ntxtlf/m/n on input line 360.
LaTeX Font Info:    Overwriting symbol font `operators' in version `bold'
(Font)                  OT1/cmr/bx/n --> OT1/ntxtlf/m/n on input line 360.
LaTeX Font Info:    Overwriting symbol font `operators' in version `bold'
(Font)                  OT1/ntxtlf/m/n --> OT1/ntxtlf/b/n on input line 361.
LaTeX Font Info:    Redeclaring math alphabet \mathsf on input line 369.
LaTeX Font Info:    Overwriting math alphabet `\mathsf' in version `normal'
(Font)                  OT1/cmss/m/n --> T1/qhv/m/n on input line 369.
LaTeX Font Info:    Overwriting math alphabet `\mathsf' in version `bold'
(Font)                  OT1/cmss/bx/n --> T1/qhv/m/n on input line 369.
LaTeX Font Info:    Redeclaring math alphabet \mathit on input line 370.
LaTeX Font Info:    Overwriting math alphabet `\mathit' in version `normal'
(Font)                  OT1/cmr/m/it --> OT1/ntxtlf/m/it on input line 370.
LaTeX Font Info:    Overwriting math alphabet `\mathit' in version `bold'
(Font)                  OT1/cmr/bx/it --> OT1/ntxtlf/m/it on input line 370.
LaTeX Font Info:    Redeclaring math alphabet \mathtt on input line 371.
LaTeX Font Info:    Overwriting math alphabet `\mathtt' in version `normal'
(Font)                  OT1/cmtt/m/n --> T1/ntxtt/m/n on input line 371.
LaTeX Font Info:    Overwriting math alphabet `\mathtt' in version `bold'
(Font)                  OT1/cmtt/m/n --> T1/ntxtt/m/n on input line 371.
LaTeX Font Info:    Redeclaring math alphabet \mathbf on input line 373.
LaTeX Font Info:    Overwriting math alphabet `\mathbf' in version `normal'
(Font)                  OT1/cmr/bx/n --> OT1/ntxtlf/b/n on input line 373.
LaTeX Font Info:    Overwriting math alphabet `\mathbf' in version `bold'
(Font)                  OT1/cmr/bx/n --> OT1/ntxtlf/b/n on input line 373.
LaTeX Font Info:    Overwriting math alphabet `\mathit' in version `bold'
(Font)                  OT1/ntxtlf/m/it --> OT1/ntxtlf/b/it on input line 374.
LaTeX Font Info:    Overwriting math alphabet `\mathsf' in version `bold'
(Font)                  T1/qhv/m/n --> T1/qhv/b/n on input line 375.
LaTeX Font Info:    Overwriting math alphabet `\mathtt' in version `bold'
(Font)                  T1/ntxtt/m/n --> T1/ntxtt/b/n on input line 376.
LaTeX Font Info:    Redeclaring symbol font `letters' on input line 477.
LaTeX Font Info:    Overwriting symbol font `letters' in version `normal'
(Font)                  OML/cmm/m/it --> OML/ntxmi/m/it on input line 477.
LaTeX Font Info:    Overwriting symbol font `letters' in version `bold'
(Font)                  OML/cmm/b/it --> OML/ntxmi/m/it on input line 477.
LaTeX Font Info:    Overwriting symbol font `letters' in version `bold'
(Font)                  OML/ntxmi/m/it --> OML/ntxmi/b/it on input line 478.
\symlettersA=\mathgroup4
LaTeX Font Info:    Overwriting symbol font `lettersA' in version `bold'
(Font)                  U/ntxmia/m/it --> U/ntxmia/b/it on input line 533.
Now handling font encoding LMS ...
... no UTF-8 mapping file for font encoding LMS
LaTeX Font Info:    Redeclaring symbol font `symbols' on input line 554.
LaTeX Font Info:    Encoding `OMS' has changed to `LMS' for symbol font
(Font)              `symbols' in the math version `normal' on input line 554.
LaTeX Font Info:    Overwriting symbol font `symbols' in version `normal'
(Font)                  OMS/cmsy/m/n --> LMS/ntxsy/m/n on input line 554.
LaTeX Font Info:    Encoding `OMS' has changed to `LMS' for symbol font
(Font)              `symbols' in the math version `bold' on input line 554.
LaTeX Font Info:    Overwriting symbol font `symbols' in version `bold'
(Font)                  OMS/cmsy/b/n --> LMS/ntxsy/m/n on input line 554.
LaTeX Font Info:    Overwriting symbol font `symbols' in version `bold'
(Font)                  LMS/ntxsy/m/n --> LMS/ntxsy/b/n on input line 555.
\symAMSm=\mathgroup5
LaTeX Font Info:    Overwriting symbol font `AMSm' in version `bold'
(Font)                  U/ntxsym/m/n --> U/ntxsym/b/n on input line 578.
\symsymbolsC=\mathgroup6
LaTeX Font Info:    Overwriting symbol font `symbolsC' in version `bold'
(Font)                  U/ntxsyc/m/n --> U/ntxsyc/b/n on input line 599.
Now handling font encoding LMX ...
... no UTF-8 mapping file for font encoding LMX
LaTeX Font Info:    Redeclaring symbol font `largesymbols' on input line 612.
LaTeX Font Info:    Encoding `OMX' has changed to `LMX' for symbol font
(Font)              `largesymbols' in the math version `normal' on input line 612.
LaTeX Font Info:    Overwriting symbol font `largesymbols' in version `normal'
(Font)                  OMX/cmex/m/n --> LMX/ntxexx/m/n on input line 612.
LaTeX Font Info:    Encoding `OMX' has changed to `LMX' for symbol font
(Font)              `largesymbols' in the math version `bold' on input line 612.
LaTeX Font Info:    Overwriting symbol font `largesymbols' in version `bold'
(Font)                  OMX/cmex/m/n --> LMX/ntxexx/m/n on input line 612.
LaTeX Font Info:    Overwriting symbol font `largesymbols' in version `bold'
(Font)                  LMX/ntxexx/m/n --> LMX/ntxexx/b/n on input line 613.
\symlargesymbolsTXA=\mathgroup7
LaTeX Font Info:    Overwriting symbol font `largesymbolsTXA' in version `bold'
(Font)                  U/ntxexa/m/n --> U/ntxexa/b/n on input line 627.
\tx@sbptoks=\toks48
LaTeX Font Info:    Redeclaring math delimiter \lfloor on input line 850.
LaTeX Font Info:    Redeclaring math delimiter \rfloor on input line 851.
LaTeX Font Info:    Redeclaring math delimiter \lceil on input line 852.
LaTeX Font Info:    Redeclaring math delimiter \rceil on input line 853.
LaTeX Font Info:    Redeclaring math delimiter \lbrace on input line 854.
LaTeX Font Info:    Redeclaring math delimiter \rbrace on input line 855.
LaTeX Font Info:    Redeclaring math delimiter \langle on input line 856.
LaTeX Font Info:    Redeclaring math delimiter \rangle on input line 858.
LaTeX Font Info:    Redeclaring math delimiter \arrowvert on input line 862.
LaTeX Font Info:    Redeclaring math delimiter \vert on input line 863.
LaTeX Font Info:    Redeclaring math symbol \hbar on input line 909.
LaTeX Font Info:    Redeclaring math accent \dot on input line 934.
LaTeX Font Info:    Redeclaring math accent \ddot on input line 935.
LaTeX Font Info:    Redeclaring math accent \vec on input line 1998.
LaTeX Info: Redefining \Bbbk on input line 2786.
LaTeX Info: Redefining \not on input line 2935.
)
\@indexfile=\write4
\openout4 = `authorsample.idx'.


Writing index file authorsample.idx
(/usr/share/texlive/texmf-dist/tex/latex/base/fontenc.sty
Package: fontenc 2020/08/10 v2.0s Standard LaTeX package
 (/usr/share/texlive/texmf-dist/tex/latex/cyrillic/t2aenc.def
File: t2aenc.def 2005/09/27 v1.0i Cyrillic encoding definition file
Now handling font encoding T2A ...
... processing UTF-8 mapping file for font encoding T2A
 (/usr/share/texlive/texmf-dist/tex/latex/base/t2aenc.dfu
File: t2aenc.dfu 2019/11/14 v1.2k UTF-8 support for inputenc
   defining Unicode char U+00A4 (decimal 164)
   defining Unicode char U+00A7 (decimal 167)
   defining Unicode char U+00AB (decimal 171)
   defining Unicode char U+00BB (decimal 187)
   defining Unicode char U+0131 (decimal 305)
   defining Unicode char U+0237 (decimal 567)
   defining Unicode char U+0400 (decimal 1024)
   defining Unicode char U+0401 (decimal 1025)
   defining Unicode char U+0402 (decimal 1026)
   defining Unicode char U+0403 (decimal 1027)
   defining Unicode char U+0404 (decimal 1028)
   defining Unicode char U+0405 (decimal 1029)
   defining Unicode char U+0406 (decimal 1030)
   defining Unicode char U+0407 (decimal 1031)
   defining Unicode char U+0408 (decimal 1032)
   defining Unicode char U+0409 (decimal 1033)
   defining Unicode char U+040A (decimal 1034)
   defining Unicode char U+040B (decimal 1035)
   defining Unicode char U+040C (decimal 1036)
   defining Unicode char U+040D (decimal 1037)
   defining Unicode char U+040E (decimal 1038)
   defining Unicode char U+040F (decimal 1039)
   defining Unicode char U+0410 (decimal 1040)
   defining Unicode char U+0411 (decimal 1041)
   defining Unicode char U+0412 (decimal 1042)
   defining Unicode char U+0413 (decimal 1043)
   defining Unicode char U+0414 (decimal 1044)
   defining Unicode char U+0415 (decimal 1045)
   defining Unicode char U+0416 (decimal 1046)
   defining Unicode char U+0417 (decimal 1047)
   defining Unicode char U+0418 (decimal 1048)
   defining Unicode char U+0419 (decimal 1049)
   defining Unicode char U+041A (decimal 1050)
   defining Unicode char U+041B (decimal 1051)
   defining Unicode char U+041C (decimal 1052)
   defining Unicode char U+041D (decimal 1053)
   defining Unicode char U+041E (decimal 1054)
   defining Unicode char U+041F (decimal 1055)
   defining Unicode char U+0420 (decimal 1056)
   defining Unicode char U+0421 (decimal 1057)
   defining Unicode char U+0422 (decimal 1058)
   defining Unicode char U+0423 (decimal 1059)
   defining Unicode char U+0424 (decimal 1060)
   defining Unicode char U+0425 (decimal 1061)
   defining Unicode char U+0426 (decimal 1062)
   defining Unicode char U+0427 (decimal 1063)
   defining Unicode char U+0428 (decimal 1064)
   defining Unicode char U+0429 (decimal 1065)
   defining Unicode char U+042A (decimal 1066)
   defining Unicode char U+042B (decimal 1067)
   defining Unicode char U+042C (decimal 1068)
   defining Unicode char U+042D (decimal 1069)
   defining Unicode char U+042E (decimal 1070)
   defining Unicode char U+042F (decimal 1071)
   defining Unicode char U+0430 (decimal 1072)
   defining Unicode char U+0431 (decimal 1073)
   defining Unicode char U+0432 (decimal 1074)
   defining Unicode char U+0433 (decimal 1075)
   defining Unicode char U+0434 (decimal 1076)
   defining Unicode char U+0435 (decimal 1077)
   defining Unicode char U+0436 (decimal 1078)
   defining Unicode char U+0437 (decimal 1079)
   defining Unicode char U+0438 (decimal 1080)
   defining Unicode char U+0439 (decimal 1081)
   defining Unicode char U+043A (decimal 1082)
   defining Unicode char U+043B (decimal 1083)
   defining Unicode char U+043C (decimal 1084)
   defining Unicode char U+043D (decimal 1085)
   defining Unicode char U+043E (decimal 1086)
   defining Unicode char U+043F (decimal 1087)
   defining Unicode char U+0440 (decimal 1088)
   defining Unicode char U+0441 (decimal 1089)
   defining Unicode char U+0442 (decimal 1090)
   defining Unicode char U+0443 (decimal 1091)
   defining Unicode char U+0444 (decimal 1092)
   defining Unicode char U+0445 (decimal 1093)
   defining Unicode char U+0446 (decimal 1094)
   defining Unicode char U+0447 (decimal 1095)
   defining Unicode char U+0448 (decimal 1096)
   defining Unicode char U+0449 (decimal 1097)
   defining Unicode char U+044A (decimal 1098)
   defining Unicode char U+044B (decimal 1099)
   defining Unicode char U+044C (decimal 1100)
   defining Unicode char U+044D (decimal 1101)
   defining Unicode char U+044E (decimal 1102)
   defining Unicode char U+044F (decimal 1103)
   defining Unicode char U+0450 (decimal 1104)
   defining Unicode char U+0451 (decimal 1105)
   defining Unicode char U+0452 (decimal 1106)
   defining Unicode char U+0453 (decimal 1107)
   defining Unicode char U+0454 (decimal 1108)
   defining Unicode char U+0455 (decimal 1109)
   defining Unicode char U+0456 (decimal 1110)
   defining Unicode char U+0457 (decimal 1111)
   defining Unicode char U+0458 (decimal 1112)
   defining Unicode char U+0459 (decimal 1113)
   defining Unicode char U+045A (decimal 1114)
   defining Unicode char U+045B (decimal 1115)
   defining Unicode char U+045C (decimal 1116)
   defining Unicode char U+045D (decimal 1117)
   defining Unicode char U+045E (decimal 1118)
   defining Unicode char U+045F (decimal 1119)
   defining Unicode char U+0490 (decimal 1168)
   defining Unicode char U+0491 (decimal 1169)
   defining Unicode char U+0492 (decimal 1170)
   defining Unicode char U+0493 (decimal 1171)
   defining Unicode char U+0496 (decimal 1174)
   defining Unicode char U+0497 (decimal 1175)
   defining Unicode char U+0498 (decimal 1176)
   defining Unicode char U+0499 (decimal 1177)
   defining Unicode char U+049A (decimal 1178)
   defining Unicode char U+049B (decimal 1179)
   defining Unicode char U+049C (decimal 1180)
   defining Unicode char U+049D (decimal 1181)
   defining Unicode char U+04A0 (decimal 1184)
   defining Unicode char U+04A1 (decimal 1185)
   defining Unicode char U+04A2 (decimal 1186)
   defining Unicode char U+04A3 (decimal 1187)
   defining Unicode char U+04A4 (decimal 1188)
   defining Unicode char U+04A5 (decimal 1189)
   defining Unicode char U+04AA (decimal 1194)
   defining Unicode char U+04AB (decimal 1195)
   defining Unicode char U+04AE (decimal 1198)
   defining Unicode char U+04AF (decimal 1199)
   defining Unicode char U+04B0 (decimal 1200)
   defining Unicode char U+04B1 (decimal 1201)
   defining Unicode char U+04B2 (decimal 1202)
   defining Unicode char U+04B3 (decimal 1203)
   defining Unicode char U+04B6 (decimal 1206)
   defining Unicode char U+04B7 (decimal 1207)
   defining Unicode char U+04B8 (decimal 1208)
   defining Unicode char U+04B9 (decimal 1209)
   defining Unicode char U+04BA (decimal 1210)
   defining Unicode char U+04BB (decimal 1211)
   defining Unicode char U+04C0 (decimal 1216)
   defining Unicode char U+04C1 (decimal 1217)
   defining Unicode char U+04C2 (decimal 1218)
   defining Unicode char U+04D0 (decimal 1232)
   defining Unicode char U+04D1 (decimal 1233)
   defining Unicode char U+04D2 (decimal 1234)
   defining Unicode char U+04D3 (decimal 1235)
   defining Unicode char U+04D4 (decimal 1236)
   defining Unicode char U+04D5 (decimal 1237)
   defining Unicode char U+04D6 (decimal 1238)
   defining Unicode char U+04D7 (decimal 1239)
   defining Unicode char U+04D8 (decimal 1240)
   defining Unicode char U+04D9 (decimal 1241)
   defining Unicode char U+04DA (decimal 1242)
   defining Unicode char U+04DB (decimal 1243)
   defining Unicode char U+04DC (decimal 1244)
   defining Unicode char U+04DD (decimal 1245)
   defining Unicode char U+04DE (decimal 1246)
   defining Unicode char U+04DF (decimal 1247)
   defining Unicode char U+04E2 (decimal 1250)
   defining Unicode char U+04E3 (decimal 1251)
   defining Unicode char U+04E4 (decimal 1252)
   defining Unicode char U+04E5 (decimal 1253)
   defining Unicode char U+04E6 (decimal 1254)
   defining Unicode char U+04E7 (decimal 1255)
   defining Unicode char U+04E8 (decimal 1256)
   defining Unicode char U+04E9 (decimal 1257)
   defining Unicode char U+04EC (decimal 1260)
   defining Unicode char U+04ED (decimal 1261)
   defining Unicode char U+04EE (decimal 1262)
   defining Unicode char U+04EF (decimal 1263)
   defining Unicode char U+04F0 (decimal 1264)
   defining Unicode char U+04F1 (decimal 1265)
   defining Unicode char U+04F2 (decimal 1266)
   defining Unicode char U+04F3 (decimal 1267)
   defining Unicode char U+04F4 (decimal 1268)
   defining Unicode char U+04F5 (decimal 1269)
   defining Unicode char U+04F8 (decimal 1272)
   defining Unicode char U+04F9 (decimal 1273)
   defining Unicode char U+200C (decimal 8204)
   defining Unicode char U+2013 (decimal 8211)
   defining Unicode char U+2014 (decimal 8212)
   defining Unicode char U+2018 (decimal 8216)
   defining Unicode char U+2019 (decimal 8217)
   defining Unicode char U+201C (decimal 8220)
   defining Unicode char U+201D (decimal 8221)
   defining Unicode char U+201E (decimal 8222)
   defining Unicode char U+2030 (decimal 8240)
   defining Unicode char U+2031 (decimal 8241)
   defining Unicode char U+2116 (decimal 8470)
   defining Unicode char U+2329 (decimal 9001)
   defining Unicode char U+232A (decimal 9002)
   defining Unicode char U+2423 (decimal 9251)
   defining Unicode char U+27E8 (decimal 10216)
   defining Unicode char U+27E9 (decimal 10217)
   defining Unicode char U+FB00 (decimal 64256)
   defining Unicode char U+FB01 (decimal 64257)
   defining Unicode char U+FB02 (decimal 64258)
   defining Unicode char U+FB03 (decimal 64259)
   defining Unicode char U+FB04 (decimal 64260)
   defining Unicode char U+FB05 (decimal 64261)
   defining Unicode char U+FB06 (decimal 64262)
))
LaTeX Font Info:    Trying to load font information for T2A+ntxtlf on input line 112.
LaTeX Font Info:    No file T2Antxtlf.fd. on input line 112.
LaTeX Font Info:    Trying to load font information for T2A+cmr on input line 112.
 (/usr/share/texlive/texmf-dist/tex/latex/cyrillic/t2acmr.fd
File: t2acmr.fd 2001/08/11 v1.0a Computer Modern Cyrillic font definitions
)

LaTeX Font Warning: Font shape `T2A/ntxtlf/m/n' undefined
(Font)              using `T2A/cmr/m/n' instead on input line 112.

) (/usr/share/texlive/texmf-dist/tex/latex/hyphenat/hyphenat.sty
Package: hyphenat 2009/09/02 v2.3c hyphenation utilities
\langwohyphens=\language3
LaTeX Info: Redefining \_ on input line 43.
) (/usr/share/texlive/texmf-dist/tex/latex/l3backend/l3backend-pdftex.def
File: l3backend-pdftex.def 2021-05-07 L3 backend support: PDF output (pdfTeX)
\l__color_backend_stack_int=\count312
\l__pdf_internal_box=\box98
) (./authorsample.aux)
\openout1 = `authorsample.aux'.

LaTeX Font Info:    Checking defaults for OML/ntxmi/m/it on input line 47.
LaTeX Font Info:    Trying to load font information for OML+ntxmi on input line 47.
 (/usr/share/texlive/texmf-dist/tex/latex/newtx/omlntxmi.fd
File: omlntxmi.fd 2015/08/25 Fontinst v1.933 font definitions for OML/ntxmi.
)
LaTeX Font Info:    ... okay on input line 47.
LaTeX Font Info:    Checking defaults for OMS/cmsy/m/n on input line 47.
LaTeX Font Info:    ... okay on input line 47.
LaTeX Font Info:    Checking defaults for OT1/cmr/m/n on input line 47.
LaTeX Font Info:    ... okay on input line 47.
LaTeX Font Info:    Checking defaults for T1/cmr/m/n on input line 47.
LaTeX Font Info:    ... okay on input line 47.
LaTeX Font Info:    Checking defaults for TS1/cmr/m/n on input line 47.
LaTeX Font Info:    ... okay on input line 47.
LaTeX Font Info:    Checking defaults for OMX/cmex/m/n on input line 47.
LaTeX Font Info:    ... okay on input line 47.
LaTeX Font Info:    Checking defaults for U/ntxexa/m/n on input line 47.
LaTeX Font Info:    Trying to load font information for U+ntxexa on input line 47.
 (/usr/share/texlive/texmf-dist/tex/latex/newtx/untxexa.fd
File: untxexa.fd 2012/04/16 Fontinst v1.933 font definitions for U/ntxexa.
)
LaTeX Font Info:    ... okay on input line 47.
LaTeX Font Info:    Checking defaults for LMS/ntxsy/m/n on input line 47.
LaTeX Font Info:    Trying to load font information for LMS+ntxsy on input line 47.
 (/usr/share/texlive/texmf-dist/tex/latex/newtx/lmsntxsy.fd
File: lmsntxsy.fd 2016/07/02 Fontinst v1.933 font definitions for LMS/ntxsy.
)
LaTeX Font Info:    ... okay on input line 47.
LaTeX Font Info:    Checking defaults for LMX/ntxexx/m/n on input line 47.
LaTeX Font Info:    Trying to load font information for LMX+ntxexx on input line 47.
 (/usr/share/texlive/texmf-dist/tex/latex/newtx/lmxntxexx.fd
File: lmxntxexx.fd 2016/07/03 Fontinst v1.933 font definitions for LMX/ntxexx.
)
LaTeX Font Info:    ... okay on input line 47.
LaTeX Font Info:    Checking defaults for T2A/cmr/m/n on input line 47.
LaTeX Font Info:    ... okay on input line 47.
 (/usr/share/texlive/texmf-dist/tex/context/base/mkii/supp-pdf.mkii
[Loading MPS to PDF converter (version 2006.09.02).]
\scratchcounter=\count313
\scratchdimen=\dimen193
\scratchbox=\box99
\nofMPsegments=\count314
\nofMParguments=\count315
\everyMPshowfont=\toks49
\MPscratchCnt=\count316
\MPscratchDim=\dimen194
\MPnumerator=\count317
\makeMPintoPDFobject=\count318
\everyMPtoPDFconversion=\toks50
) (/usr/share/texlive/texmf-dist/tex/latex/epstopdf-pkg/epstopdf-base.sty
Package: epstopdf-base 2020-01-24 v2.11 Base part for package epstopdf
Package epstopdf-base Info: Redefining graphics rule for `.eps' on input line 485.
 (/usr/share/texlive/texmf-dist/tex/latex/latexconfig/epstopdf-sys.cfg
File: epstopdf-sys.cfg 2010/07/13 v1.3 Configuration of (r)epstopdf for TeX Live
))
\c@mv@tabular=\count319
\c@mv@boldtabular=\count320


LaTeX Font Warning: Font shape `T2A/ntxtlf/b/n' undefined
(Font)              using `T2A/ntxtlf/m/n' instead on input line 62.


LaTeX Font Warning: Font shape `T2A/ntxtlf/b/n' in size <16> not available
(Font)              size <17.28> substituted on input line 62.

LaTeX Font Info:    Trying to load font information for OT1+ntxtlf on input line 62.
(/usr/share/texlive/texmf-dist/tex/latex/newtx/ot1ntxtlf.fd
File: ot1ntxtlf.fd 2015/01/17 v1.0 font definition file for OT1/ntx/tlf
)
LaTeX Font Info:    Font shape `OT1/ntxtlf/m/n' will be
(Font)              scaled to size 10.0pt on input line 62.
LaTeX Font Info:    Font shape `OT1/ntxtlf/m/n' will be
(Font)              scaled to size 7.3pt on input line 62.
LaTeX Font Info:    Font shape `OT1/ntxtlf/m/n' will be
(Font)              scaled to size 5.5pt on input line 62.
LaTeX Font Info:    Trying to load font information for U+ntxmia on input line 62.
 (/usr/share/texlive/texmf-dist/tex/latex/newtx/untxmia.fd
File: untxmia.fd 2018/04/14 Fontinst v1.933 font definitions for U/ntxmia.
)
LaTeX Font Info:    Trying to load font information for U+ntxsym on input line 62.
 (/usr/share/texlive/texmf-dist/tex/latex/newtx/untxsym.fd
File: untxsym.fd 2015/03/20 Fontinst v1.933 font definitions for U/ntxsym.
)
LaTeX Font Info:    Trying to load font information for U+ntxsyc on input line 62.
 (/usr/share/texlive/texmf-dist/tex/latex/newtx/untxsyc.fd
File: untxsyc.fd 2012/04/12 Fontinst v1.933 font definitions for U/ntxsyc.
)

LaTeX Font Warning: Font shape `T2A/ntxtlf/m/n' in size <8.5> not available
(Font)              size <8> substituted on input line 62.

LaTeX Font Info:    Calculating math sizes for size <8.5> on input line 62.
LaTeX Font Info:    Font shape `OT1/ntxtlf/m/n' will be
(Font)              scaled to size 8.5pt on input line 62.
LaTeX Font Info:    Font shape `OT1/ntxtlf/m/n' will be
(Font)              scaled to size 6.20496pt on input line 62.
LaTeX Font Info:    Font shape `OT1/ntxtlf/m/n' will be
(Font)              scaled to size 4.67502pt on input line 62.

LaTeX Font Warning: Font shape `T2A/ntxtlf/m/it' undefined
(Font)              using `T2A/ntxtlf/m/n' instead on input line 68.

LaTeX Font Info:    Trying to load font information for T2A+ntxtt on input line 68.
LaTeX Font Info:    No file T2Antxtt.fd. on input line 68.

LaTeX Font Warning: Font shape `T2A/ntxtt/m/n' undefined
(Font)              using `T2A/cmr/m/n' instead on input line 68.

[1



{/usr/share/texlive/texmf-var/fonts/map/pdftex/updmap/pdftex.map

pdfTeX warning: pdflatex (file /usr/share/texlive/texmf-var/fonts/map/pdftex/updmap/pdftex.map): invalid entry for `pcrr8rn': SlantFont/ExtendFont can be used only with embedded Type1 fonts


pdfTeX warning: pdflatex (file /usr/share/texlive/texmf-var/fonts/map/pdftex/updmap/pdftex.map): fontmap entry for `rpxpplb' already exists, duplicates ignored


pdfTeX warning: pdflatex (file /usr/share/texlive/texmf-var/fonts/map/pdftex/updmap/pdftex.map): fontmap entry for `rpxpplbi' already exists, duplicates ignored


pdfTeX warning: pdflatex (file /usr/share/texlive/texmf-var/fonts/map/pdftex/updmap/pdftex.map): fontmap entry for `rpxpplbo' already exists, duplicates ignored


pdfTeX warning: pdflatex (file /usr/share/texlive/texmf-var/fonts/map/pdftex/updmap/pdftex.map): fontmap entry for `rpxpplr' already exists, duplicates ignored


pdfTeX warning: pdflatex (file /usr/share/texlive/texmf-var/fonts/map/pdftex/updmap/pdftex.map): fontmap entry for `rpxpplri' already exists, duplicates ignored


pdfTeX warning: pdflatex (file /usr/share/texlive/texmf-var/fonts/map/pdftex/updmap/pdftex.map): fontmap entry for `rpxpplro' already exists, duplicates ignored


pdfTeX warning: pdflatex (file /usr/share/texlive/texmf-var/fonts/map/pdftex/updmap/pdftex.map): fontmap entry for `rtxphvb' already exists, duplicates ignored


pdfTeX warning: pdflatex (file /usr/share/texlive/texmf-var/fonts/map/pdftex/updmap/pdftex.map): fontmap entry for `rtxphvbo' already exists, duplicates ignored


pdfTeX warning: pdflatex (file /usr/share/texlive/texmf-var/fonts/map/pdftex/updmap/pdftex.map): fontmap entry for `rtxphvr' already exists, duplicates ignored


pdfTeX warning: pdflatex (file /usr/share/texlive/texmf-var/fonts/map/pdftex/updmap/pdftex.map): fontmap entry for `rtxphvro' already exists, duplicates ignored


pdfTeX warning: pdflatex (file /usr/share/texlive/texmf-var/fonts/map/pdftex/updmap/pdftex.map): fontmap entry for `rtxptmb' already exists, duplicates ignored


pdfTeX warning: pdflatex (file /usr/share/texlive/texmf-var/fonts/map/pdftex/updmap/pdftex.map): fontmap entry for `rtxptmbi' already exists, duplicates ignored


pdfTeX warning: pdflatex (file /usr/share/texlive/texmf-var/fonts/map/pdftex/updmap/pdftex.map): fontmap entry for `rtxptmbo' already exists, duplicates ignored


pdfTeX warning: pdflatex (file /usr/share/texlive/texmf-var/fonts/map/pdftex/updmap/pdftex.map): fontmap entry for `rtxptmr' already exists, duplicates ignored


pdfTeX warning: pdflatex (file /usr/share/texlive/texmf-var/fonts/map/pdftex/updmap/pdftex.map): fontmap entry for `rtxptmri' already exists, duplicates ignored


pdfTeX warning: pdflatex (file /usr/share/texlive/texmf-var/fonts/map/pdftex/updmap/pdftex.map): fontmap entry for `rtxptmro' already exists, duplicates ignored
}]
LaTeX Font Info:    Trying to load font information for T2A+ntxsups on input line 93.
LaTeX Font Info:    No file T2Antxsups.fd. on input line 93.


LaTeX Font Warning: Font shape `T2A/ntxsups/m/n' undefined
(Font)              using `T2A/cmr/m/n' instead on input line 93.


LaTeX Font Warning: Font shape `T2A/ntxsups/m/n' in size <8.5> not available
(Font)              size <8> substituted on input line 93.


LaTeX Font Warning: Font shape `T2A/ntxtt/m/n' in size <8.5> not available
(Font)              size <8> substituted on input line 93.


LaTeX Font Warning: Font shape `T2A/ntxtlf/b/n' in size <8.5> not available
(Font)              size <8> substituted on input line 93.


LaTeX Font Warning: Font shape `T2A/ntxtlf/b/it' undefined
(Font)              using `T2A/ntxtlf/b/n' instead on input line 93.


LaTeX Font Warning: Font shape `T2A/ntxtlf/m/it' in size <8.5> not available
(Font)              size <8> substituted on input line 114.

Package epstopdf Info: Source file: <figure.eps>
(epstopdf)                    date: 2017-12-13 12:51:54
(epstopdf)                    size: 62739 bytes
(epstopdf)             Output file: <figure-eps-converted-to.pdf>
(epstopdf)                    date: 2022-12-19 12:25:37
(epstopdf)                    size: 13844 bytes
(epstopdf)             Command: <repstopdf --outfile=figure-eps-converted-to.pdf figure.eps>
(epstopdf)             \includegraphics on input line 130.
Package epstopdf Info: Output file is already uptodate.
<figure-eps-converted-to.pdf, id=11, 139.52126pt x 195.73125pt>
File: figure-eps-converted-to.pdf Graphic file (type pdf)
<use figure-eps-converted-to.pdf>
Package pdftex.def Info: figure-eps-converted-to.pdf  used on input line 130.
(pdftex.def)             Requested size: 90.68773pt x 127.22379pt.
[2]
LaTeX Font Info:    Trying to load font information for TS1+ntxtlf on input line 157.
 (/usr/share/texlive/texmf-dist/tex/latex/newtx/ts1ntxtlf.fd
File: ts1ntxtlf.fd 2015/01/18 v1.0 fd file for TS1/ntxtlf
)
LaTeX Font Info:    Font shape `TS1/ntxtlf/m/n' will be
(Font)              scaled to size 10.0pt on input line 157.
 [3 <./figure-eps-converted-to.pdf>]
Package epstopdf Info: Source file: <figure.eps>
(epstopdf)                    date: 2017-12-13 12:51:54
(epstopdf)                    size: 62739 bytes
(epstopdf)             Output file: <figure-eps-converted-to.pdf>
(epstopdf)                    date: 2022-12-19 12:25:37
(epstopdf)                    size: 13844 bytes
(epstopdf)             Command: <repstopdf --outfile=figure-eps-converted-to.pdf figure.eps>
(epstopdf)             \includegraphics on input line 176.
Package epstopdf Info: Output file is already uptodate.
File: figure-eps-converted-to.pdf Graphic file (type pdf)
<use figure-eps-converted-to.pdf>
Package pdftex.def Info: figure-eps-converted-to.pdf  used on input line 176.
(pdftex.def)             Requested size: 90.68773pt x 127.22379pt.

Overfull \hbox (0.61853pt too wide) in paragraph at lines 195--206
[][]
 []

[4] [5]
Overfull \hbox (3.0pt too wide) detected at line 280
 [] 
 []

LaTeX Font Info:    Font shape `TS1/ntxtlf/b/n' will be
(Font)              scaled to size 10.0pt on input line 287.
LaTeX Font Info:    Trying to load font information for T2A+qhv on input line 287.
LaTeX Font Info:    No file T2Aqhv.fd. on input line 287.

LaTeX Font Warning: Font shape `T2A/qhv/m/n' undefined
(Font)              using `T2A/cmr/m/n' instead on input line 287.


LaTeX Font Warning: Font shape `T2A/qhv/b/n' undefined
(Font)              using `T2A/qhv/m/n' instead on input line 287.


Overfull \hbox (3.0pt too wide) detected at line 287
 [] 
 []

[6]
Overfull \hbox (3.0pt too wide) detected at line 294
 [] 
 []


Overfull \hbox (3.0pt too wide) detected at line 301
 [] 
 []


Overfull \hbox (3.0pt too wide) detected at line 308
 [] 
 []


Overfull \hbox (3.0pt too wide) detected at line 320
 [] 
 []

[7]
Overfull \hbox (3.0pt too wide) detected at line 328
 [] 
 []


Overfull \hbox (3.0pt too wide) detected at line 334
 [] 
 []


Overfull \hbox (3.0pt too wide) detected at line 345
 [] 
 []

(./references.tex [8] [9])
\tf@thm=\write5
\openout5 = `authorsample.thm'.

 [10] (./authorsample.aux)

LaTeX Font Warning: Size substitutions with differences
(Font)              up to 1.28pt have occurred.


LaTeX Font Warning: Some font shapes were not available, defaults substituted.

 ) 
Here is how much of TeX's memory you used:
 8428 strings out of 480806
 107492 string characters out of 5905151
 416048 words of memory out of 6000000
 25629 multiletter control sequences out of 15000+600000
 442552 words of font info for 103 fonts, out of 8000000 for 9000
 16 hyphenation exceptions out of 8191
 69i,12n,76p,827b,342s stack positions out of 5000i,500n,10000p,200000b,80000s
{/usr/share/texlive/texmf-dist/fonts/enc/dvips/tex-gyre/q-ts1.enc}{/usr/share/texlive/texmf-dist/fonts/enc/dvips/cm-super/cm-super-t2a.enc}{/usr/share/texlive/texmf-dist/fonts/enc/dvips/newtx/ntx-ot1-tlf.enc}</usr/share/texlive/texmf-dist/fonts/type1/public/newtx/NewTXMI.pfb></usr/share/texlive/texmf-dist/fonts/type1/public/newtx/NewTXMI5.pfb></usr/share/texlive/texmf-dist/fonts/type1/public/newtx/NewTXMI7.pfb></usr/share/texlive/texmf-dist/fonts/type1/public/tex-gyre/qtmb.pfb></usr/share/texlive/texmf-dist/fonts/type1/public/tex-gyre/qtmr.pfb></usr/share/texlive/texmf-dist/fonts/type1/public/cm-super/sfrm0700.pfb></usr/share/texlive/texmf-dist/fonts/type1/public/cm-super/sfrm0800.pfb></usr/share/texlive/texmf-dist/fonts/type1/public/cm-super/sfrm1000.pfb></usr/share/texlive/texmf-dist/fonts/type1/public/cm-super/sfrm1095.pfb></usr/share/texlive/texmf-dist/fonts/type1/public/cm-super/sfrm1200.pfb></usr/share/texlive/texmf-dist/fonts/type1/public/cm-super/sfrm1728.pfb></usr/share/texlive/texmf-dist/fonts/type1/public/newtx/txexs.pfb></usr/share/texlive/texmf-dist/fonts/type1/public/newtx/txmiaX.pfb></usr/share/texlive/texmf-dist/fonts/type1/public/txfonts/txsya.pfb></usr/share/texlive/texmf-dist/fonts/type1/public/newtx/txsys.pfb></usr/share/texlive/texmf-dist/fonts/type1/public/newtx/ztmr.pfb>
Output written on authorsample.pdf (10 pages, 215347 bytes).
PDF statistics:
 122 PDF objects out of 1000 (max. 8388607)
 76 compressed objects within 1 object stream
 0 named destinations out of 1000 (max. 500000)
 6 words of extra memory for PDF output out of 10000 (max. 10000000)

